<?xml version="1.0" encoding="UTF-8"?>
<!-- Generated by org.testng.reporters.JUnitReportReporter -->
<testsuite hostname="WINDOWS-UNR7VLH" failures="0" tests="1" name="test.ExtendDemo" time="11.957" errors="0" timestamp="2022-10-21T13:39:23 IST" skipped="0">
  <testcase classname="test.ExtendDemo" name="extentReportDemo" time="11.957"/>
  <system-out/>
</testsuite> <!-- test.ExtendDemo -->
